# JRE version: Java(TM) SE Runtime Environment (17.0.6+9) (build 17.0.6+9-LTS-190)
# Java VM: Java HotSpot(TM) 64-Bit Server VM (17.0.6+9-LTS-190, mixed mode, sharing, tiered, compressed oops, compressed class ptrs, g1 gc, windows-amd64)
GC Precious Log:
 CPUs: 12 total, 12 available
 Memory: 16309M
 Large Page Support: Disabled
 NUMA Support: Disabled
 Compressed Oops: Enabled (32-bit)
 Heap Region Size: 1M
 Heap Min Capacity: 8M
 Heap Initial Capacity: 256M
 Heap Max Capacity: 2G
 Pre-touch: Disabled
 Parallel Workers: 10
 Concurrent Workers: 3
 Concurrent Refinement Workers: 10
 Periodic GC: Disabled
Heap:
 garbage-first heap   total 440320K, used 234570K [0x0000000080000000, 0x0000000100000000)
  region size 1024K, 11 young (11264K), 11 survivors (11264K)
 Metaspace       used 159747K, committed 161152K, reserved 1196032K
  class space    used 21071K, committed 21760K, reserved 1048576K
GC Heap History (20 events):
Event: 14421.536 GC heap after
{Heap after GC invocations=56 (full 0):
 garbage-first heap   total 440320K, used 180969K [0x0000000080000000, 0x0000000100000000)
  region size 1024K, 2 young (2048K), 2 survivors (2048K)
 Metaspace       used 136617K, committed 137664K, reserved 1171456K
  class space    used 18178K, committed 18688K, reserved 1048576K
}
Event: 14421.708 GC heap before
{Heap before GC invocations=56 (full 0):
 garbage-first heap   total 440320K, used 200425K [0x0000000080000000, 0x0000000100000000)
  region size 1024K, 21 young (21504K), 2 survivors (2048K)
 Metaspace       used 137458K, committed 138432K, reserved 1171456K
  class space    used 18295K, committed 18752K, reserved 1048576K
}
Event: 14421.718 GC heap after
{Heap after GC invocations=57 (full 0):
 garbage-first heap   total 440320K, used 155035K [0x0000000080000000, 0x0000000100000000)
  region size 1024K, 2 young (2048K), 2 survivors (2048K)
 Metaspace       used 137458K, committed 138432K, reserved 1171456K
  class space    used 18295K, committed 18752K, reserved 1048576K
}
Event: 14423.495 GC heap before
{Heap before GC invocations=57 (full 0):
 garbage-first heap   total 440320K, used 380315K [0x0000000080000000, 0x0000000100000000)
  region size 1024K, 201 young (205824K), 2 survivors (2048K)
 Metaspace       used 146945K, committed 148032K, reserved 1179648K
  class space    used 19664K, committed 20160K, reserved 1048576K
}
Event: 14423.513 GC heap after
{Heap after GC invocations=58 (full 0):
 garbage-first heap   total 440320K, used 194072K [0x0000000080000000, 0x0000000100000000)
  region size 1024K, 20 young (20480K), 20 survivors (20480K)
 Metaspace       used 146945K, committed 148032K, reserved 1179648K
  class space    used 19664K, committed 20160K, reserved 1048576K
}
Event: 14424.985 GC heap before
{Heap before GC invocations=59 (full 0):
 garbage-first heap   total 440320K, used 355864K [0x0000000080000000, 0x0000000100000000)
  region size 1024K, 179 young (183296K), 20 survivors (20480K)
 Metaspace       used 154330K, committed 155392K, reserved 1187840K
  class space    used 20497K, committed 20992K, reserved 1048576K
}
Event: 14425.009 GC heap after
{Heap after GC invocations=60 (full 0):
 garbage-first heap   total 440320K, used 205803K [0x0000000080000000, 0x0000000100000000)
  region size 1024K, 13 young (13312K), 13 survivors (13312K)
 Metaspace       used 154330K, committed 155392K, reserved 1187840K
  class space    used 20497K, committed 20992K, reserved 1048576K
}
Event: 14425.043 GC heap before
{Heap before GC invocations=60 (full 0):
 garbage-first heap   total 440320K, used 213995K [0x0000000080000000, 0x0000000100000000)
  region size 1024K, 21 young (21504K), 13 survivors (13312K)
 Metaspace       used 154491K, committed 155648K, reserved 1187840K
  class space    used 20522K, committed 21056K, reserved 1048576K
}
Event: 14425.055 GC heap after
{Heap after GC invocations=61 (full 0):
 garbage-first heap   total 440320K, used 203224K [0x0000000080000000, 0x0000000100000000)
  region size 1024K, 3 young (3072K), 3 survivors (3072K)
 Metaspace       used 154491K, committed 155648K, reserved 1187840K
  class space    used 20522K, committed 21056K, reserved 1048576K
}
Event: 15874.694 GC heap before
{Heap before GC invocations=61 (full 0):
 garbage-first heap   total 440320K, used 356824K [0x0000000080000000, 0x0000000100000000)
  region size 1024K, 154 young (157696K), 3 survivors (3072K)
 Metaspace       used 158015K, committed 159488K, reserved 1187840K
  class space    used 20982K, committed 21696K, reserved 1048576K
}
Event: 15874.707 GC heap after
{Heap after GC invocations=62 (full 0):
 garbage-first heap   total 440320K, used 212881K [0x0000000080000000, 0x0000000100000000)
  region size 1024K, 12 young (12288K), 12 survivors (12288K)
 Metaspace       used 158015K, committed 159488K, reserved 1187840K
  class space    used 20982K, committed 21696K, reserved 1048576K
}
Event: 15875.722 GC heap before
{Heap before GC invocations=62 (full 0):
 garbage-first heap   total 440320K, used 395153K [0x0000000080000000, 0x0000000100000000)
  region size 1024K, 155 young (158720K), 12 survivors (12288K)
 Metaspace       used 158269K, committed 159680K, reserved 1187840K
  class space    used 20992K, committed 21696K, reserved 1048576K
}
Event: 15875.733 GC heap after
{Heap after GC invocations=63 (full 0):
 garbage-first heap   total 440320K, used 222502K [0x0000000080000000, 0x0000000100000000)
  region size 1024K, 10 young (10240K), 10 survivors (10240K)
 Metaspace       used 158269K, committed 159680K, reserved 1187840K
  class space    used 20992K, committed 21696K, reserved 1048576K
}
Event: 15878.475 GC heap before
{Heap before GC invocations=63 (full 0):
 garbage-first heap   total 440320K, used 362790K [0x0000000080000000, 0x0000000100000000)
  region size 1024K, 146 young (149504K), 10 survivors (10240K)
 Metaspace       used 158568K, committed 160000K, reserved 1187840K
  class space    used 21005K, committed 21696K, reserved 1048576K
}
Event: 15878.483 GC heap after
{Heap after GC invocations=64 (full 0):
 garbage-first heap   total 440320K, used 225551K [0x0000000080000000, 0x0000000100000000)
  region size 1024K, 13 young (13312K), 13 survivors (13312K)
 Metaspace       used 158568K, committed 160000K, reserved 1187840K
  class space    used 21005K, committed 21696K, reserved 1048576K
}
Event: 15879.710 GC heap before
{Heap before GC invocations=64 (full 0):
 garbage-first heap   total 440320K, used 362767K [0x0000000080000000, 0x0000000100000000)
  region size 1024K, 146 young (149504K), 13 survivors (13312K)
 Metaspace       used 159520K, committed 160960K, reserved 1196032K
  class space    used 21060K, committed 21760K, reserved 1048576K
}
Event: 15879.716 GC heap after
{Heap after GC invocations=65 (full 0):
 garbage-first heap   total 440320K, used 227821K [0x0000000080000000, 0x0000000100000000)
  region size 1024K, 4 young (4096K), 4 survivors (4096K)
 Metaspace       used 159520K, committed 160960K, reserved 1196032K
  class space    used 21060K, committed 21760K, reserved 1048576K
}
Event: 15879.935 GC heap before
{Heap before GC invocations=65 (full 0):
 garbage-first heap   total 440320K, used 369133K [0x0000000080000000, 0x0000000100000000)
  region size 1024K, 139 young (142336K), 4 survivors (4096K)
 Metaspace       used 159619K, committed 161024K, reserved 1196032K
  class space    used 21066K, committed 21760K, reserved 1048576K
}
Event: 15879.944 GC heap after
{Heap after GC invocations=66 (full 0):
 garbage-first heap   total 440320K, used 238347K [0x0000000080000000, 0x0000000100000000)
  region size 1024K, 17 young (17408K), 17 survivors (17408K)
 Metaspace       used 159619K, committed 161024K, reserved 1196032K
  class space    used 21066K, committed 21760K, reserved 1048576K
}
Event: 15880.373 GC heap before
{Heap before GC invocations=66 (full 0):
 garbage-first heap   total 440320K, used 362251K [0x0000000080000000, 0x0000000100000000)
  region size 1024K, 138 young (141312K), 17 survivors (17408K)
 Metaspace       used 159747K, committed 161152K, reserved 1196032K
  class space    used 21071K, committed 21760K, reserved 1048576K
}

