# JRE version: Java(TM) SE Runtime Environment (17.0.6+9) (build 17.0.6+9-LTS-190)
# Java VM: Java HotSpot(TM) 64-Bit Server VM (17.0.6+9-LTS-190, mixed mode, sharing, tiered, compressed oops, compressed class ptrs, g1 gc, windows-amd64)
GC Precious Log:
 CPUs: 12 total, 12 available
 Memory: 16309M
 Large Page Support: Disabled
 NUMA Support: Disabled
 Compressed Oops: Enabled (32-bit)
 Heap Region Size: 1M
 Heap Min Capacity: 8M
 Heap Initial Capacity: 256M
 Heap Max Capacity: 2G
 Pre-touch: Disabled
 Parallel Workers: 10
 Concurrent Workers: 3
 Concurrent Refinement Workers: 10
 Periodic GC: Disabled
Heap:
 garbage-first heap   total 464896K, used 104505K [0x0000000080000000, 0x0000000100000000)
  region size 1024K, 16 young (16384K), 16 survivors (16384K)
 Metaspace       used 43065K, committed 43520K, reserved 1089536K
  class space    used 5950K, committed 6144K, reserved 1048576K
GC Heap History (20 events):
Event: 12.498 GC heap after
{Heap after GC invocations=32 (full 0):
 garbage-first heap   total 329728K, used 95436K [0x0000000080000000, 0x0000000100000000)
  region size 1024K, 10 young (10240K), 10 survivors (10240K)
 Metaspace       used 43049K, committed 43456K, reserved 1089536K
  class space    used 5950K, committed 6144K, reserved 1048576K
}
Event: 12.633 GC heap before
{Heap before GC invocations=32 (full 0):
 garbage-first heap   total 329728K, used 282828K [0x0000000080000000, 0x0000000100000000)
  region size 1024K, 193 young (197632K), 10 survivors (10240K)
 Metaspace       used 43051K, committed 43456K, reserved 1089536K
  class space    used 5950K, committed 6144K, reserved 1048576K
}
Event: 12.637 GC heap after
{Heap after GC invocations=33 (full 0):
 garbage-first heap   total 329728K, used 96477K [0x0000000080000000, 0x0000000100000000)
  region size 1024K, 11 young (11264K), 11 survivors (11264K)
 Metaspace       used 43051K, committed 43456K, reserved 1089536K
  class space    used 5950K, committed 6144K, reserved 1048576K
}
Event: 12.771 GC heap before
{Heap before GC invocations=33 (full 0):
 garbage-first heap   total 329728K, used 282845K [0x0000000080000000, 0x0000000100000000)
  region size 1024K, 193 young (197632K), 11 survivors (11264K)
 Metaspace       used 43051K, committed 43456K, reserved 1089536K
  class space    used 5950K, committed 6144K, reserved 1048576K
}
Event: 12.777 GC heap after
{Heap after GC invocations=34 (full 0):
 garbage-first heap   total 396288K, used 97835K [0x0000000080000000, 0x0000000100000000)
  region size 1024K, 12 young (12288K), 12 survivors (12288K)
 Metaspace       used 43051K, committed 43456K, reserved 1089536K
  class space    used 5950K, committed 6144K, reserved 1048576K
}
Event: 12.927 GC heap before
{Heap before GC invocations=34 (full 0):
 garbage-first heap   total 396288K, used 323115K [0x0000000080000000, 0x0000000100000000)
  region size 1024K, 232 young (237568K), 12 survivors (12288K)
 Metaspace       used 43052K, committed 43456K, reserved 1089536K
  class space    used 5950K, committed 6144K, reserved 1048576K
}
Event: 12.933 GC heap after
{Heap after GC invocations=35 (full 0):
 garbage-first heap   total 396288K, used 99911K [0x0000000080000000, 0x0000000100000000)
  region size 1024K, 14 young (14336K), 14 survivors (14336K)
 Metaspace       used 43052K, committed 43456K, reserved 1089536K
  class space    used 5950K, committed 6144K, reserved 1048576K
}
Event: 13.067 GC heap before
{Heap before GC invocations=35 (full 0):
 garbage-first heap   total 396288K, used 323143K [0x0000000080000000, 0x0000000100000000)
  region size 1024K, 232 young (237568K), 14 survivors (14336K)
 Metaspace       used 43052K, committed 43456K, reserved 1089536K
  class space    used 5950K, committed 6144K, reserved 1048576K
}
Event: 13.074 GC heap after
{Heap after GC invocations=36 (full 0):
 garbage-first heap   total 396288K, used 101651K [0x0000000080000000, 0x0000000100000000)
  region size 1024K, 16 young (16384K), 16 survivors (16384K)
 Metaspace       used 43052K, committed 43456K, reserved 1089536K
  class space    used 5950K, committed 6144K, reserved 1048576K
}
Event: 13.203 GC heap before
{Heap before GC invocations=36 (full 0):
 garbage-first heap   total 396288K, used 322835K [0x0000000080000000, 0x0000000100000000)
  region size 1024K, 232 young (237568K), 16 survivors (16384K)
 Metaspace       used 43052K, committed 43456K, reserved 1089536K
  class space    used 5950K, committed 6144K, reserved 1048576K
}
Event: 13.209 GC heap after
{Heap after GC invocations=37 (full 0):
 garbage-first heap   total 396288K, used 103831K [0x0000000080000000, 0x0000000100000000)
  region size 1024K, 18 young (18432K), 18 survivors (18432K)
 Metaspace       used 43052K, committed 43456K, reserved 1089536K
  class space    used 5950K, committed 6144K, reserved 1048576K
}
Event: 13.328 GC heap before
{Heap before GC invocations=37 (full 0):
 garbage-first heap   total 396288K, used 322967K [0x0000000080000000, 0x0000000100000000)
  region size 1024K, 232 young (237568K), 18 survivors (18432K)
 Metaspace       used 43054K, committed 43456K, reserved 1089536K
  class space    used 5950K, committed 6144K, reserved 1048576K
}
Event: 13.334 GC heap after
{Heap after GC invocations=38 (full 0):
 garbage-first heap   total 464896K, used 105750K [0x0000000080000000, 0x0000000100000000)
  region size 1024K, 16 young (16384K), 16 survivors (16384K)
 Metaspace       used 43054K, committed 43456K, reserved 1089536K
  class space    used 5950K, committed 6144K, reserved 1048576K
}
Event: 13.486 GC heap before
{Heap before GC invocations=38 (full 0):
 garbage-first heap   total 464896K, used 367894K [0x0000000080000000, 0x0000000100000000)
  region size 1024K, 272 young (278528K), 16 survivors (16384K)
 Metaspace       used 43062K, committed 43456K, reserved 1089536K
  class space    used 5950K, committed 6144K, reserved 1048576K
}
Event: 13.493 GC heap after
{Heap after GC invocations=39 (full 0):
 garbage-first heap   total 464896K, used 108070K [0x0000000080000000, 0x0000000100000000)
  region size 1024K, 18 young (18432K), 18 survivors (18432K)
 Metaspace       used 43062K, committed 43456K, reserved 1089536K
  class space    used 5950K, committed 6144K, reserved 1048576K
}
Event: 13.626 GC heap before
{Heap before GC invocations=39 (full 0):
 garbage-first heap   total 464896K, used 368166K [0x0000000080000000, 0x0000000100000000)
  region size 1024K, 272 young (278528K), 18 survivors (18432K)
 Metaspace       used 43063K, committed 43520K, reserved 1089536K
  class space    used 5950K, committed 6144K, reserved 1048576K
}
Event: 13.634 GC heap after
{Heap after GC invocations=40 (full 0):
 garbage-first heap   total 464896K, used 110496K [0x0000000080000000, 0x0000000100000000)
  region size 1024K, 20 young (20480K), 20 survivors (20480K)
 Metaspace       used 43063K, committed 43520K, reserved 1089536K
  class space    used 5950K, committed 6144K, reserved 1048576K
}
Event: 13.785 GC heap before
{Heap before GC invocations=40 (full 0):
 garbage-first heap   total 464896K, used 368544K [0x0000000080000000, 0x0000000100000000)
  region size 1024K, 272 young (278528K), 20 survivors (20480K)
 Metaspace       used 43065K, committed 43520K, reserved 1089536K
  class space    used 5950K, committed 6144K, reserved 1048576K
}
Event: 13.791 GC heap after
{Heap after GC invocations=41 (full 0):
 garbage-first heap   total 464896K, used 102638K [0x0000000080000000, 0x0000000100000000)
  region size 1024K, 14 young (14336K), 14 survivors (14336K)
 Metaspace       used 43065K, committed 43520K, reserved 1089536K
  class space    used 5950K, committed 6144K, reserved 1048576K
}
Event: 13.995 GC heap before
{Heap before GC invocations=41 (full 0):
 garbage-first heap   total 464896K, used 365806K [0x0000000080000000, 0x0000000100000000)
  region size 1024K, 272 young (278528K), 14 survivors (14336K)
 Metaspace       used 43065K, committed 43520K, reserved 1089536K
  class space    used 5950K, committed 6144K, reserved 1048576K
}

