# JRE version: Java(TM) SE Runtime Environment (17.0.6+9) (build 17.0.6+9-LTS-190)
# Java VM: Java HotSpot(TM) 64-Bit Server VM (17.0.6+9-LTS-190, mixed mode, sharing, tiered, compressed oops, compressed class ptrs, g1 gc, windows-amd64)
GC Precious Log:
 CPUs: 12 total, 12 available
 Memory: 16309M
 Large Page Support: Disabled
 NUMA Support: Disabled
 Compressed Oops: Enabled (Zero based)
 Heap Region Size: 2M
 Heap Min Capacity: 8M
 Heap Initial Capacity: 256M
 Heap Max Capacity: 4078M
 Pre-touch: Disabled
 Parallel Workers: 10
 Concurrent Workers: 3
 Concurrent Refinement Workers: 10
 Periodic GC: Disabled
Heap:
 garbage-first heap   total 34816K, used 10003K [0x0000000701200000, 0x0000000800000000)
  region size 2048K, 2 young (4096K), 2 survivors (4096K)
 Metaspace       used 34695K, committed 35072K, reserved 1081344K
  class space    used 4990K, committed 5184K, reserved 1048576K
GC Heap History (13 events):
Event: 0.690 GC heap before
{Heap before GC invocations=0 (full 0):
 garbage-first heap   total 262144K, used 24576K [0x0000000701200000, 0x0000000800000000)
  region size 2048K, 11 young (22528K), 0 survivors (0K)
 Metaspace       used 9807K, committed 9984K, reserved 1064960K
  class space    used 1464K, committed 1536K, reserved 1048576K
}
Event: 0.694 GC heap after
{Heap after GC invocations=1 (full 0):
 garbage-first heap   total 262144K, used 5375K [0x0000000701200000, 0x0000000800000000)
  region size 2048K, 2 young (4096K), 2 survivors (4096K)
 Metaspace       used 9807K, committed 9984K, reserved 1064960K
  class space    used 1464K, committed 1536K, reserved 1048576K
}
Event: 1.121 GC heap before
{Heap before GC invocations=1 (full 0):
 garbage-first heap   total 262144K, used 34047K [0x0000000701200000, 0x0000000800000000)
  region size 2048K, 17 young (34816K), 2 survivors (4096K)
 Metaspace       used 19083K, committed 19264K, reserved 1073152K
  class space    used 2803K, committed 2880K, reserved 1048576K
}
Event: 1.126 GC heap after
{Heap after GC invocations=2 (full 0):
 garbage-first heap   total 262144K, used 7081K [0x0000000701200000, 0x0000000800000000)
  region size 2048K, 1 young (2048K), 1 survivors (2048K)
 Metaspace       used 19083K, committed 19264K, reserved 1073152K
  class space    used 2803K, committed 2880K, reserved 1048576K
}
Event: 1.222 GC heap before
{Heap before GC invocations=2 (full 0):
 garbage-first heap   total 262144K, used 15273K [0x0000000701200000, 0x0000000800000000)
  region size 2048K, 6 young (12288K), 1 survivors (2048K)
 Metaspace       used 21307K, committed 21504K, reserved 1073152K
  class space    used 3160K, committed 3200K, reserved 1048576K
}
Event: 1.224 GC heap after
{Heap after GC invocations=3 (full 0):
 garbage-first heap   total 262144K, used 7262K [0x0000000701200000, 0x0000000800000000)
  region size 2048K, 1 young (2048K), 1 survivors (2048K)
 Metaspace       used 21307K, committed 21504K, reserved 1073152K
  class space    used 3160K, committed 3200K, reserved 1048576K
}
Event: 9.600 GC heap before
{Heap before GC invocations=4 (full 0):
 garbage-first heap   total 34816K, used 25694K [0x0000000701200000, 0x0000000800000000)
  region size 2048K, 10 young (20480K), 1 survivors (2048K)
 Metaspace       used 25848K, committed 26112K, reserved 1073152K
  class space    used 3801K, committed 3904K, reserved 1048576K
}
Event: 9.602 GC heap after
{Heap after GC invocations=5 (full 0):
 garbage-first heap   total 34816K, used 7916K [0x0000000701200000, 0x0000000800000000)
  region size 2048K, 2 young (4096K), 2 survivors (4096K)
 Metaspace       used 25848K, committed 26112K, reserved 1073152K
  class space    used 3801K, committed 3904K, reserved 1048576K
}
Event: 9.627 GC heap before
{Heap before GC invocations=5 (full 0):
 garbage-first heap   total 34816K, used 9964K [0x0000000701200000, 0x0000000800000000)
  region size 2048K, 3 young (6144K), 2 survivors (4096K)
 Metaspace       used 26511K, committed 26752K, reserved 1073152K
  class space    used 3855K, committed 3968K, reserved 1048576K
}
Event: 9.630 GC heap after
{Heap after GC invocations=6 (full 0):
 garbage-first heap   total 34816K, used 8121K [0x0000000701200000, 0x0000000800000000)
  region size 2048K, 1 young (2048K), 1 survivors (2048K)
 Metaspace       used 26511K, committed 26752K, reserved 1073152K
  class space    used 3855K, committed 3968K, reserved 1048576K
}
Event: 9.778 GC heap before
{Heap before GC invocations=6 (full 0):
 garbage-first heap   total 34816K, used 22457K [0x0000000701200000, 0x0000000800000000)
  region size 2048K, 8 young (16384K), 1 survivors (2048K)
 Metaspace       used 30600K, committed 30784K, reserved 1081344K
  class space    used 4362K, committed 4416K, reserved 1048576K
}
Event: 9.779 GC heap after
{Heap after GC invocations=7 (full 0):
 garbage-first heap   total 34816K, used 8579K [0x0000000701200000, 0x0000000800000000)
  region size 2048K, 1 young (2048K), 1 survivors (2048K)
 Metaspace       used 30600K, committed 30784K, reserved 1081344K
  class space    used 4362K, committed 4416K, reserved 1048576K
}
Event: 14.374 GC heap before
{Heap before GC invocations=7 (full 0):
 garbage-first heap   total 34816K, used 22915K [0x0000000701200000, 0x0000000800000000)
  region size 2048K, 9 young (18432K), 1 survivors (2048K)
 Metaspace       used 34695K, committed 35072K, reserved 1081344K
  class space    used 4990K, committed 5184K, reserved 1048576K
}

