# JRE version: Java(TM) SE Runtime Environment (17.0.6+9) (build 17.0.6+9-LTS-190)
# Java VM: Java HotSpot(TM) 64-Bit Server VM (17.0.6+9-LTS-190, mixed mode, sharing, tiered, compressed oops, compressed class ptrs, g1 gc, windows-amd64)
GC Precious Log:
 CPUs: 12 total, 12 available
 Memory: 16309M
 Large Page Support: Disabled
 NUMA Support: Disabled
 Compressed Oops: Enabled (32-bit)
 Heap Region Size: 1M
 Heap Min Capacity: 8M
 Heap Initial Capacity: 256M
 Heap Max Capacity: 2G
 Pre-touch: Disabled
 Parallel Workers: 10
 Concurrent Workers: 3
 Concurrent Refinement Workers: 10
 Periodic GC: Disabled
Heap:
 garbage-first heap   total 150528K, used 67803K [0x0000000080000000, 0x0000000100000000)
  region size 1024K, 5 young (5120K), 5 survivors (5120K)
 Metaspace       used 37382K, committed 37888K, reserved 1089536K
  class space    used 5193K, committed 5440K, reserved 1048576K
GC Heap History (13 events):
Event: 0.548 GC heap before
{Heap before GC invocations=0 (full 0):
 garbage-first heap   total 262144K, used 26624K [0x0000000080000000, 0x0000000100000000)
  region size 1024K, 23 young (23552K), 0 survivors (0K)
 Metaspace       used 3078K, committed 3200K, reserved 1056768K
  class space    used 392K, committed 448K, reserved 1048576K
}
Event: 0.566 GC heap after
{Heap after GC invocations=1 (full 0):
 garbage-first heap   total 262144K, used 10202K [0x0000000080000000, 0x0000000100000000)
  region size 1024K, 3 young (3072K), 3 survivors (3072K)
 Metaspace       used 3078K, committed 3200K, reserved 1056768K
  class space    used 392K, committed 448K, reserved 1048576K
}
Event: 0.900 GC heap before
{Heap before GC invocations=1 (full 0):
 garbage-first heap   total 262144K, used 36826K [0x0000000080000000, 0x0000000100000000)
  region size 1024K, 29 young (29696K), 3 survivors (3072K)
 Metaspace       used 4001K, committed 4160K, reserved 1056768K
  class space    used 489K, committed 576K, reserved 1048576K
}
Event: 0.903 GC heap after
{Heap after GC invocations=2 (full 0):
 garbage-first heap   total 262144K, used 12790K [0x0000000080000000, 0x0000000100000000)
  region size 1024K, 3 young (3072K), 3 survivors (3072K)
 Metaspace       used 4001K, committed 4160K, reserved 1056768K
  class space    used 489K, committed 576K, reserved 1048576K
}
Event: 2.511 GC heap before
{Heap before GC invocations=2 (full 0):
 garbage-first heap   total 262144K, used 151030K [0x0000000080000000, 0x0000000100000000)
  region size 1024K, 121 young (123904K), 3 survivors (3072K)
 Metaspace       used 21209K, committed 21504K, reserved 1073152K
  class space    used 3166K, committed 3328K, reserved 1048576K
}
Event: 2.519 GC heap after
{Heap after GC invocations=3 (full 0):
 garbage-first heap   total 262144K, used 42066K [0x0000000080000000, 0x0000000100000000)
  region size 1024K, 14 young (14336K), 14 survivors (14336K)
 Metaspace       used 21209K, committed 21504K, reserved 1073152K
  class space    used 3166K, committed 3328K, reserved 1048576K
}
Event: 3.292 GC heap before
{Heap before GC invocations=4 (full 0):
 garbage-first heap   total 150528K, used 116818K [0x0000000080000000, 0x0000000100000000)
  region size 1024K, 88 young (90112K), 14 survivors (14336K)
 Metaspace       used 31880K, committed 32320K, reserved 1081344K
  class space    used 4549K, committed 4736K, reserved 1048576K
}
Event: 3.302 GC heap after
{Heap after GC invocations=5 (full 0):
 garbage-first heap   total 150528K, used 47888K [0x0000000080000000, 0x0000000100000000)
  region size 1024K, 7 young (7168K), 7 survivors (7168K)
 Metaspace       used 31880K, committed 32320K, reserved 1081344K
  class space    used 4549K, committed 4736K, reserved 1048576K
}
Event: 3.304 GC heap before
{Heap before GC invocations=5 (full 0):
 garbage-first heap   total 150528K, used 48912K [0x0000000080000000, 0x0000000100000000)
  region size 1024K, 8 young (8192K), 7 survivors (7168K)
 Metaspace       used 31881K, committed 32320K, reserved 1081344K
  class space    used 4549K, committed 4736K, reserved 1048576K
}
Event: 3.308 GC heap after
{Heap after GC invocations=6 (full 0):
 garbage-first heap   total 150528K, used 48325K [0x0000000080000000, 0x0000000100000000)
  region size 1024K, 1 young (1024K), 1 survivors (1024K)
 Metaspace       used 31881K, committed 32320K, reserved 1081344K
  class space    used 4549K, committed 4736K, reserved 1048576K
}
Event: 3.674 GC heap before
{Heap before GC invocations=6 (full 0):
 garbage-first heap   total 150528K, used 87237K [0x0000000080000000, 0x0000000100000000)
  region size 1024K, 36 young (36864K), 1 survivors (1024K)
 Metaspace       used 35690K, committed 36096K, reserved 1081344K
  class space    used 4981K, committed 5184K, reserved 1048576K
}
Event: 3.677 GC heap after
{Heap after GC invocations=7 (full 0):
 garbage-first heap   total 150528K, used 50817K [0x0000000080000000, 0x0000000100000000)
  region size 1024K, 4 young (4096K), 4 survivors (4096K)
 Metaspace       used 35690K, committed 36096K, reserved 1081344K
  class space    used 4981K, committed 5184K, reserved 1048576K
}
Event: 4.021 GC heap before
{Heap before GC invocations=8 (full 0):
 garbage-first heap   total 150528K, used 127617K [0x0000000080000000, 0x0000000100000000)
  region size 1024K, 65 young (66560K), 4 survivors (4096K)
 Metaspace       used 37382K, committed 37888K, reserved 1089536K
  class space    used 5193K, committed 5440K, reserved 1048576K
}

