# JRE version: Java(TM) SE Runtime Environment (17.0.6+9) (build 17.0.6+9-LTS-190)
# Java VM: Java HotSpot(TM) 64-Bit Server VM (17.0.6+9-LTS-190, mixed mode, sharing, tiered, compressed oops, compressed class ptrs, g1 gc, windows-amd64)
GC Precious Log:
 CPUs: 12 total, 12 available
 Memory: 16309M
 Large Page Support: Disabled
 NUMA Support: Disabled
 Compressed Oops: Enabled (32-bit)
 Heap Region Size: 1M
 Heap Min Capacity: 8M
 Heap Initial Capacity: 256M
 Heap Max Capacity: 2G
 Pre-touch: Disabled
 Parallel Workers: 10
 Concurrent Workers: 3
 Concurrent Refinement Workers: 10
 Periodic GC: Disabled
Heap:
 garbage-first heap   total 312320K, used 168651K [0x0000000080000000, 0x0000000100000000)
  region size 1024K, 3 young (3072K), 3 survivors (3072K)
 Metaspace       used 120916K, committed 121984K, reserved 1155072K
  class space    used 15580K, committed 16128K, reserved 1048576K
GC Heap History (20 events):
Event: 405.459 GC heap after
{Heap after GC invocations=49 (full 0):
 garbage-first heap   total 312320K, used 201058K [0x0000000080000000, 0x0000000100000000)
  region size 1024K, 1 young (1024K), 1 survivors (1024K)
 Metaspace       used 102682K, committed 103616K, reserved 1138688K
  class space    used 13456K, committed 13952K, reserved 1048576K
}
Event: 405.822 GC heap before
{Heap before GC invocations=50 (full 0):
 garbage-first heap   total 312320K, used 228706K [0x0000000080000000, 0x0000000100000000)
  region size 1024K, 61 young (62464K), 1 survivors (1024K)
 Metaspace       used 106328K, committed 107392K, reserved 1146880K
  class space    used 13920K, committed 14464K, reserved 1048576K
}
Event: 405.827 GC heap after
{Heap after GC invocations=51 (full 0):
 garbage-first heap   total 312320K, used 171428K [0x0000000080000000, 0x0000000100000000)
  region size 1024K, 6 young (6144K), 6 survivors (6144K)
 Metaspace       used 106328K, committed 107392K, reserved 1146880K
  class space    used 13920K, committed 14464K, reserved 1048576K
}
Event: 405.954 GC heap before
{Heap before GC invocations=51 (full 0):
 garbage-first heap   total 312320K, used 179620K [0x0000000080000000, 0x0000000100000000)
  region size 1024K, 15 young (15360K), 6 survivors (6144K)
 Metaspace       used 107339K, committed 108416K, reserved 1146880K
  class space    used 14047K, committed 14592K, reserved 1048576K
}
Event: 405.959 GC heap after
{Heap after GC invocations=52 (full 0):
 garbage-first heap   total 312320K, used 142753K [0x0000000080000000, 0x0000000100000000)
  region size 1024K, 2 young (2048K), 2 survivors (2048K)
 Metaspace       used 107339K, committed 108416K, reserved 1146880K
  class space    used 14047K, committed 14592K, reserved 1048576K
}
Event: 406.081 GC heap before
{Heap before GC invocations=52 (full 0):
 garbage-first heap   total 312320K, used 155041K [0x0000000080000000, 0x0000000100000000)
  region size 1024K, 15 young (15360K), 2 survivors (2048K)
 Metaspace       used 108163K, committed 109184K, reserved 1146880K
  class space    used 14152K, committed 14656K, reserved 1048576K
}
Event: 406.086 GC heap after
{Heap after GC invocations=53 (full 0):
 garbage-first heap   total 312320K, used 134103K [0x0000000080000000, 0x0000000100000000)
  region size 1024K, 2 young (2048K), 2 survivors (2048K)
 Metaspace       used 108163K, committed 109184K, reserved 1146880K
  class space    used 14152K, committed 14656K, reserved 1048576K
}
Event: 407.525 GC heap before
{Heap before GC invocations=53 (full 0):
 garbage-first heap   total 312320K, used 247767K [0x0000000080000000, 0x0000000100000000)
  region size 1024K, 114 young (116736K), 2 survivors (2048K)
 Metaspace       used 109771K, committed 110784K, reserved 1146880K
  class space    used 14342K, committed 14848K, reserved 1048576K
}
Event: 407.533 GC heap after
{Heap after GC invocations=54 (full 0):
 garbage-first heap   total 312320K, used 142333K [0x0000000080000000, 0x0000000100000000)
  region size 1024K, 11 young (11264K), 11 survivors (11264K)
 Metaspace       used 109771K, committed 110784K, reserved 1146880K
  class space    used 14342K, committed 14848K, reserved 1048576K
}
Event: 409.196 GC heap before
{Heap before GC invocations=55 (full 0):
 garbage-first heap   total 312320K, used 251901K [0x0000000080000000, 0x0000000100000000)
  region size 1024K, 115 young (117760K), 11 survivors (11264K)
 Metaspace       used 117880K, committed 118912K, reserved 1155072K
  class space    used 15288K, committed 15808K, reserved 1048576K
}
Event: 409.213 GC heap after
{Heap after GC invocations=56 (full 0):
 garbage-first heap   total 312320K, used 166132K [0x0000000080000000, 0x0000000100000000)
  region size 1024K, 15 young (15360K), 15 survivors (15360K)
 Metaspace       used 117880K, committed 118912K, reserved 1155072K
  class space    used 15288K, committed 15808K, reserved 1048576K
}
Event: 409.227 GC heap before
{Heap before GC invocations=56 (full 0):
 garbage-first heap   total 312320K, used 167156K [0x0000000080000000, 0x0000000100000000)
  region size 1024K, 16 young (16384K), 15 survivors (15360K)
 Metaspace       used 117882K, committed 118912K, reserved 1155072K
  class space    used 15288K, committed 15808K, reserved 1048576K
}
Event: 409.237 GC heap after
{Heap after GC invocations=57 (full 0):
 garbage-first heap   total 312320K, used 165211K [0x0000000080000000, 0x0000000100000000)
  region size 1024K, 2 young (2048K), 2 survivors (2048K)
 Metaspace       used 117882K, committed 118912K, reserved 1155072K
  class space    used 15288K, committed 15808K, reserved 1048576K
}
Event: 410.198 GC heap before
{Heap before GC invocations=57 (full 0):
 garbage-first heap   total 312320K, used 246107K [0x0000000080000000, 0x0000000100000000)
  region size 1024K, 81 young (82944K), 2 survivors (2048K)
 Metaspace       used 120421K, committed 121472K, reserved 1155072K
  class space    used 15546K, committed 16064K, reserved 1048576K
}
Event: 410.204 GC heap after
{Heap after GC invocations=58 (full 0):
 garbage-first heap   total 312320K, used 169167K [0x0000000080000000, 0x0000000100000000)
  region size 1024K, 6 young (6144K), 6 survivors (6144K)
 Metaspace       used 120421K, committed 121472K, reserved 1155072K
  class space    used 15546K, committed 16064K, reserved 1048576K
}
Event: 451.484 GC heap before
{Heap before GC invocations=59 (full 0):
 garbage-first heap   total 312320K, used 251087K [0x0000000080000000, 0x0000000100000000)
  region size 1024K, 84 young (86016K), 6 survivors (6144K)
 Metaspace       used 120631K, committed 121664K, reserved 1155072K
  class space    used 15559K, committed 16064K, reserved 1048576K
}
Event: 451.499 GC heap after
{Heap after GC invocations=60 (full 0):
 garbage-first heap   total 312320K, used 178207K [0x0000000080000000, 0x0000000100000000)
  region size 1024K, 10 young (10240K), 10 survivors (10240K)
 Metaspace       used 120631K, committed 121664K, reserved 1155072K
  class space    used 15559K, committed 16064K, reserved 1048576K
}
Event: 451.569 GC heap before
{Heap before GC invocations=60 (full 0):
 garbage-first heap   total 312320K, used 182303K [0x0000000080000000, 0x0000000100000000)
  region size 1024K, 15 young (15360K), 10 survivors (10240K)
 Metaspace       used 120641K, committed 121664K, reserved 1155072K
  class space    used 15560K, committed 16064K, reserved 1048576K
}
Event: 451.582 GC heap after
{Heap after GC invocations=61 (full 0):
 garbage-first heap   total 312320K, used 168095K [0x0000000080000000, 0x0000000100000000)
  region size 1024K, 2 young (2048K), 2 survivors (2048K)
 Metaspace       used 120641K, committed 121664K, reserved 1155072K
  class space    used 15560K, committed 16064K, reserved 1048576K
}
Event: 451.636 GC heap before
{Heap before GC invocations=61 (full 0):
 garbage-first heap   total 312320K, used 174239K [0x0000000080000000, 0x0000000100000000)
  region size 1024K, 9 young (9216K), 2 survivors (2048K)
 Metaspace       used 120916K, committed 121984K, reserved 1155072K
  class space    used 15580K, committed 16128K, reserved 1048576K
}

